Started GET "/" for 127.0.0.1 at 2018-07-30 20:10:52 +0700
Processing by Rails::WelcomeController#index as HTML
  Parameters: {"internal"=>true}
  Rendering C:/RailsInstaller/Ruby2.2.0/lib/ruby/gems/2.2.0/gems/railties-5.0.7/lib/rails/templates/rails/welcome/index.html.erb
  Rendered C:/RailsInstaller/Ruby2.2.0/lib/ruby/gems/2.2.0/gems/railties-5.0.7/lib/rails/templates/rails/welcome/index.html.erb (7.0ms)
Completed 200 OK in 118ms (Views: 59.9ms | ActiveRecord: 0.0ms)


Started GET "/test/index" for 127.0.0.1 at 2018-07-30 22:39:14 +0700
Processing by TestController#index as HTML
  Rendering test/index.html.erb within layouts/application
  Rendered test/index.html.erb within layouts/application (4.0ms)
Completed 200 OK in 157ms (Views: 120.3ms | ActiveRecord: 0.0ms)


Started GET "/test/solution?num=1234.45" for 127.0.0.1 at 2018-07-30 22:39:37 +0700
Processing by TestController#show as */*
  Parameters: {"num"=>"1234.45"}
  Rendering test/show.html.erb within layouts/application
  Rendered test/show.html.erb within layouts/application (1.0ms)
Completed 200 OK in 503ms (Views: 260.7ms | ActiveRecord: 0.0ms)


Started GET "/test/bootstrap.min.css.map" for 127.0.0.1 at 2018-07-30 22:39:42 +0700
  
ActionController::RoutingError (No route matches [GET] "/test/bootstrap.min.css.map"):
  
actionpack (5.0.7) lib/action_dispatch/middleware/debug_exceptions.rb:53:in `call'
web-console (3.6.2) lib/web_console/middleware.rb:135:in `call_app'
web-console (3.6.2) lib/web_console/middleware.rb:30:in `block in call'
web-console (3.6.2) lib/web_console/middleware.rb:20:in `catch'
web-console (3.6.2) lib/web_console/middleware.rb:20:in `call'
actionpack (5.0.7) lib/action_dispatch/middleware/show_exceptions.rb:31:in `call'
railties (5.0.7) lib/rails/rack/logger.rb:36:in `call_app'
railties (5.0.7) lib/rails/rack/logger.rb:24:in `block in call'
activesupport (5.0.7) lib/active_support/tagged_logging.rb:69:in `block in tagged'
activesupport (5.0.7) lib/active_support/tagged_logging.rb:26:in `tagged'
activesupport (5.0.7) lib/active_support/tagged_logging.rb:69:in `tagged'
railties (5.0.7) lib/rails/rack/logger.rb:24:in `call'
sprockets-rails (3.2.1) lib/sprockets/rails/quiet_assets.rb:13:in `call'
actionpack (5.0.7) lib/action_dispatch/middleware/request_id.rb:24:in `call'
rack (2.0.5) lib/rack/method_override.rb:22:in `call'
rack (2.0.5) lib/rack/runtime.rb:22:in `call'
activesupport (5.0.7) lib/active_support/cache/strategy/local_cache_middleware.rb:28:in `call'
actionpack (5.0.7) lib/action_dispatch/middleware/executor.rb:12:in `call'
actionpack (5.0.7) lib/action_dispatch/middleware/static.rb:136:in `call'
rack (2.0.5) lib/rack/sendfile.rb:111:in `call'
railties (5.0.7) lib/rails/engine.rb:522:in `call'
puma (3.12.0) lib/puma/configuration.rb:225:in `call'
puma (3.12.0) lib/puma/server.rb:658:in `handle_request'
puma (3.12.0) lib/puma/server.rb:472:in `process_client'
puma (3.12.0) lib/puma/server.rb:332:in `block in run'
puma (3.12.0) lib/puma/thread_pool.rb:133:in `call'
puma (3.12.0) lib/puma/thread_pool.rb:133:in `block in spawn_thread'
  Rendering C:/RailsInstaller/Ruby2.2.0/lib/ruby/gems/2.2.0/gems/actionpack-5.0.7/lib/action_dispatch/middleware/templates/rescues/routing_error.html.erb within rescues/layout
  Rendering C:/RailsInstaller/Ruby2.2.0/lib/ruby/gems/2.2.0/gems/actionpack-5.0.7/lib/action_dispatch/middleware/templates/rescues/_trace.html.erb
  Rendered C:/RailsInstaller/Ruby2.2.0/lib/ruby/gems/2.2.0/gems/actionpack-5.0.7/lib/action_dispatch/middleware/templates/rescues/_trace.html.erb (2.0ms)
  Rendered collection of C:/RailsInstaller/Ruby2.2.0/lib/ruby/gems/2.2.0/gems/actionpack-5.0.7/lib/action_dispatch/middleware/templates/routes/_route.html.erb [3 times] (10.0ms)
  Rendered C:/RailsInstaller/Ruby2.2.0/lib/ruby/gems/2.2.0/gems/actionpack-5.0.7/lib/action_dispatch/middleware/templates/routes/_table.html.erb (45.0ms)
  Rendering C:/RailsInstaller/Ruby2.2.0/lib/ruby/gems/2.2.0/gems/actionpack-5.0.7/lib/action_dispatch/middleware/templates/rescues/_request_and_response.html.erb
  Rendered C:/RailsInstaller/Ruby2.2.0/lib/ruby/gems/2.2.0/gems/actionpack-5.0.7/lib/action_dispatch/middleware/templates/rescues/_request_and_response.html.erb (2.0ms)
  Rendered C:/RailsInstaller/Ruby2.2.0/lib/ruby/gems/2.2.0/gems/actionpack-5.0.7/lib/action_dispatch/middleware/templates/rescues/routing_error.html.erb within rescues/layout (2333.6ms)
Started GET "/test/solution?num=1234.45" for 127.0.0.1 at 2018-07-30 22:39:49 +0700
Processing by TestController#show as */*
  Parameters: {"num"=>"1234.45"}
  Rendering test/show.html.erb within layouts/application
  Rendered test/show.html.erb within layouts/application (1.0ms)
Completed 200 OK in 495ms (Views: 263.4ms | ActiveRecord: 0.0ms)


Started GET "/test/solution?num=867.99" for 127.0.0.1 at 2018-07-30 22:40:01 +0700
Processing by TestController#show as */*
  Parameters: {"num"=>"867.99"}
  Rendering test/show.html.erb within layouts/application
  Rendered test/show.html.erb within layouts/application (1.0ms)
Completed 200 OK in 501ms (Views: 264.2ms | ActiveRecord: 0.0ms)


Started GET "/test/index" for 127.0.0.1 at 2018-07-30 22:48:36 +0700
Processing by TestController#index as HTML
  Rendering test/index.html.erb within layouts/application
  Rendered test/index.html.erb within layouts/application (0.0ms)
Completed 200 OK in 147ms (Views: 93.9ms | ActiveRecord: 0.0ms)


Started GET "/test/solution?num=124.67" for 127.0.0.1 at 2018-07-30 22:48:44 +0700
Processing by TestController#show as */*
  Parameters: {"num"=>"124.67"}
  Rendering test/show.html.erb within layouts/application
  Rendered test/show.html.erb within layouts/application (2.0ms)
Completed 200 OK in 525ms (Views: 289.4ms | ActiveRecord: 0.0ms)


Started GET "/test/solution?num=867.99" for 127.0.0.1 at 2018-07-30 23:01:41 +0700
Processing by TestController#show as */*
  Parameters: {"num"=>"867.99"}
  Rendering test/show.html.erb within layouts/application
  Rendered test/show.html.erb within layouts/application (2.0ms)
Completed 200 OK in 752ms (Views: 413.1ms | ActiveRecord: 0.0ms)


